JvmtiExport can_access_local_variables 0
JvmtiExport can_hotswap_or_post_breakpoint 0
JvmtiExport can_post_on_exceptions 0
# 121 ciObject found
instanceKlass java/lang/Throwable$PrintStreamOrWriter
instanceKlass com/obstacleavoid/util/ViewportUtils
instanceKlass com/badlogic/gdx/Input$Keys
instanceKlass sun/misc/FloatingDecimal$ASCIIToBinaryBuffer
instanceKlass com/badlogic/gdx/utils/JsonValue$1
instanceKlass com/badlogic/gdx/utils/JsonValue
instanceKlass com/badlogic/gdx/files/FileHandle$1
instanceKlass com/obstacleavoid/util/debug/DebugCameraConfig
instanceKlass com/obstacleavoid/util/debug/DebugCameraController
instanceKlass com/badlogic/gdx/graphics/glutils/IndexArray
instanceKlass com/badlogic/gdx/graphics/glutils/VertexArray
instanceKlass com/badlogic/gdx/graphics/Mesh$1
instanceKlass com/badlogic/gdx/graphics/g2d/SpriteBatch
instanceKlass com/badlogic/gdx/graphics/g2d/GlyphLayout
instanceKlass com/badlogic/gdx/graphics/g2d/Batch
instanceKlass com/obstacleavoid/screen/game/GameRenderer
instanceKlass com/badlogic/gdx/utils/reflect/Constructor
instanceKlass com/badlogic/gdx/utils/Pools
instanceKlass com/badlogic/gdx/utils/Pool$Poolable
instanceKlass com/badlogic/gdx/math/Circle
instanceKlass com/badlogic/gdx/math/Shape2D
instanceKlass com/obstacleavoid/entity/GameObjectBase
instanceKlass com/obstacleavoid/screen/game/GameController
instanceKlass com/obstacleavoid/screen/game/GameScreen
instanceKlass com/badlogic/gdx/utils/TimSort
instanceKlass com/badlogic/gdx/utils/Sort
instanceKlass com/badlogic/gdx/graphics/g2d/TextureAtlas$TextureAtlasData$Region
instanceKlass com/badlogic/gdx/graphics/g2d/TextureAtlas$TextureAtlasData$Page
instanceKlass com/badlogic/gdx/graphics/g2d/TextureAtlas$1
instanceKlass com/badlogic/gdx/graphics/g2d/TextureAtlas$TextureAtlasData
instanceKlass com/badlogic/gdx/graphics/g2d/BitmapFontCache
instanceKlass com/badlogic/gdx/assets/RefCountedContainer
instanceKlass com/badlogic/gdx/assets/AssetLoaderParameters$LoadedCallback
instanceKlass com/badlogic/gdx/graphics/g2d/Gdx2DPixmap
instanceKlass com/badlogic/gdx/graphics/glutils/FileTextureData
instanceKlass com/badlogic/gdx/graphics/TextureData
instanceKlass com/badlogic/gdx/graphics/TextureData$Factory
instanceKlass com/badlogic/gdx/utils/Array$ArrayIterator
instanceKlass com/badlogic/gdx/utils/Array$ArrayIterable
instanceKlass com/badlogic/gdx/graphics/g2d/BitmapFont$Glyph
instanceKlass org/lwjgl/opengl/Sync$RunningAvg
instanceKlass org/lwjgl/opengl/Sync
instanceKlass com/badlogic/gdx/graphics/g2d/BitmapFont$BitmapFontData
instanceKlass org/lwjgl/opengl/GLChecks
instanceKlass com/obstacleavoid/util/GdxUtils
instanceKlass java/util/concurrent/FutureTask$WaitNode
instanceKlass java/util/concurrent/FutureTask
instanceKlass java/util/concurrent/RunnableFuture
instanceKlass java/util/concurrent/Future
instanceKlass com/badlogic/gdx/utils/async/AsyncExecutor$2
instanceKlass com/badlogic/gdx/utils/async/AsyncResult
instanceKlass com/badlogic/gdx/utils/TimeUtils
instanceKlass com/badlogic/gdx/assets/AssetLoadingTask
instanceKlass com/badlogic/gdx/utils/async/AsyncTask
instanceKlass com/badlogic/gdx/graphics/glutils/HdpiUtils
instanceKlass com/badlogic/gdx/utils/Scaling$1
instanceKlass com/badlogic/gdx/utils/ObjectMap$Entry
instanceKlass com/badlogic/gdx/utils/ObjectMap$MapIterator
instanceKlass com/badlogic/gdx/utils/Collections
instanceKlass com/badlogic/gdx/assets/AssetDescriptor
instanceKlass com/obstacleavoid/assets/AssetsDescriptor
instanceKlass com/badlogic/gdx/graphics/glutils/IndexBufferObject
instanceKlass org/lwjgl/opengl/GL15
instanceKlass com/badlogic/gdx/graphics/glutils/VertexBufferObject
instanceKlass com/badlogic/gdx/graphics/VertexAttributes
instanceKlass com/badlogic/gdx/graphics/glutils/IndexData
instanceKlass com/badlogic/gdx/graphics/glutils/VertexData
instanceKlass com/badlogic/gdx/graphics/glutils/InstanceData
instanceKlass com/badlogic/gdx/graphics/Mesh
instanceKlass com/badlogic/gdx/graphics/VertexAttribute
instanceKlass org/lwjgl/opengl/GL20
instanceKlass com/badlogic/gdx/utils/ObjectIntMap
instanceKlass com/badlogic/gdx/utils/BufferUtils
instanceKlass com/badlogic/gdx/graphics/glutils/ImmediateModeRenderer20
instanceKlass com/badlogic/gdx/graphics/glutils/ImmediateModeRenderer
instanceKlass com/badlogic/gdx/graphics/glutils/ShapeRenderer
instanceKlass com/badlogic/gdx/math/Vector2
instanceKlass com/badlogic/gdx/math/collision/Ray
instanceKlass com/badlogic/gdx/math/Plane
instanceKlass com/badlogic/gdx/math/Frustum
instanceKlass com/badlogic/gdx/math/Matrix4
instanceKlass com/badlogic/gdx/math/Vector3
instanceKlass com/badlogic/gdx/math/Vector
instanceKlass com/badlogic/gdx/utils/viewport/Viewport
instanceKlass com/badlogic/gdx/graphics/Camera
instanceKlass com/badlogic/gdx/ScreenAdapter
instanceKlass java/util/concurrent/LinkedBlockingQueue$Node
instanceKlass com/badlogic/gdx/utils/async/AsyncExecutor$1
instanceKlass java/util/concurrent/Callable
instanceKlass com/badlogic/gdx/utils/async/AsyncExecutor
instanceKlass com/badlogic/gdx/assets/loaders/CubemapLoader$CubemapLoaderInfo
instanceKlass com/badlogic/gdx/graphics/CubemapData
instanceKlass com/badlogic/gdx/graphics/glutils/ShaderProgram
instanceKlass com/badlogic/gdx/utils/FloatArray
instanceKlass com/badlogic/gdx/utils/UBJsonReader
instanceKlass com/badlogic/gdx/math/Quaternion
instanceKlass com/badlogic/gdx/utils/JsonReader
instanceKlass com/badlogic/gdx/graphics/g3d/utils/TextureProvider
instanceKlass com/badlogic/gdx/graphics/g3d/Model
instanceKlass com/badlogic/gdx/utils/I18NBundle
instanceKlass com/badlogic/gdx/utils/ShortArray
instanceKlass com/badlogic/gdx/math/EarClippingTriangulator
instanceKlass com/badlogic/gdx/graphics/g2d/PolygonRegion
instanceKlass com/badlogic/gdx/graphics/g3d/particles/ParticleEffect
instanceKlass com/badlogic/gdx/graphics/g3d/particles/ResourceData$Configurable
instanceKlass com/badlogic/gdx/graphics/g2d/ParticleEffect
instanceKlass com/badlogic/gdx/scenes/scene2d/ui/Skin
instanceKlass com/badlogic/gdx/assets/loaders/TextureLoader$TextureLoaderInfo
instanceKlass com/badlogic/gdx/graphics/GLTexture
instanceKlass com/badlogic/gdx/graphics/g2d/TextureAtlas
instanceKlass com/badlogic/gdx/graphics/Pixmap
instanceKlass com/badlogic/gdx/utils/reflect/ClassReflection
instanceKlass com/badlogic/gdx/assets/AssetLoaderParameters
instanceKlass com/badlogic/gdx/graphics/g2d/TextureRegion
instanceKlass com/badlogic/gdx/graphics/g2d/BitmapFont
instanceKlass com/badlogic/gdx/utils/Logger
instanceKlass com/badlogic/gdx/utils/ObjectSet
instanceKlass com/badlogic/gdx/assets/loaders/resolvers/InternalFileHandleResolver
instanceKlass com/badlogic/gdx/assets/loaders/FileHandleResolver
instanceKlass com/badlogic/gdx/utils/BaseJsonReader
instanceKlass com/badlogic/gdx/assets/loaders/AssetLoader
instanceKlass com/badlogic/gdx/assets/AssetManager
instanceKlass com/badlogic/gdx/backends/lwjgl/LwjglGL20
instanceKlass com/badlogic/gdx/graphics/glutils/GLVersion
instanceKlass org/lwjgl/input/Controllers
instanceKlass org/lwjgl/opengl/Util
instanceKlass org/lwjgl/opengl/ReferencesStack
instanceKlass org/lwjgl/opengl/GL30
instanceKlass org/lwjgl/opengl/GL11
instanceKlass org/lwjgl/opengl/StateStack
instanceKlass org/lwjgl/opengl/FastIntMap$Entry
instanceKlass org/lwjgl/opengl/FastIntMap
instanceKlass org/lwjgl/opengl/BaseReferences
instanceKlass org/lwjgl/opengl/StateTracker
instanceKlass org/lwjgl/opengl/APIUtil
instanceKlass org/lwjgl/opengl/ContextCapabilities
instanceKlass org/lwjgl/opengl/LinuxContextImplementation
instanceKlass org/lwjgl/opengl/ContextImplementation
instanceKlass org/lwjgl/opengl/ContextGL
instanceKlass org/lwjgl/opengl/LinuxKeyboard
instanceKlass org/lwjgl/opengl/EventQueue
instanceKlass org/lwjgl/opengl/LinuxMouse
instanceKlass org/lwjgl/opengles/ContextAttribs
instanceKlass org/lwjgl/opengl/ContextAttribs
instanceKlass java/awt/Component
instanceKlass java/awt/MenuContainer
instanceKlass java/awt/image/ImageObserver
instanceKlass javax/accessibility/Accessible
instanceKlass org/lwjgl/input/OpenGLPackageAccess$2
instanceKlass org/lwjgl/opengl/Display$8
instanceKlass org/lwjgl/opengl/Display$4
instanceKlass org/lwjgl/opengl/Display$3
instanceKlass org/lwjgl/opengl/PixelFormat
instanceKlass org/lwjgl/opengl/LinuxDisplay$3
instanceKlass org/lwjgl/opengl/XRandR$Screen
instanceKlass java/util/ArrayList$SubList$1
instanceKlass java/util/regex/ASCII
instanceKlass java/util/regex/Matcher
instanceKlass java/util/regex/MatchResult
instanceKlass java/util/regex/Pattern$TreeInfo
instanceKlass java/util/regex/Pattern$Node
instanceKlass java/util/regex/Pattern
instanceKlass org/lwjgl/opengl/XRandR
instanceKlass org/lwjgl/opengl/DisplayMode
instanceKlass org/lwjgl/opengl/GLContext$CapabilitiesCacheEntry
instanceKlass org/lwjgl/opengl/GLContext
instanceKlass sun/nio/ch/Interruptible
instanceKlass java/util/concurrent/locks/LockSupport
instanceKlass java/lang/UNIXProcess$$Lambda$11
instanceKlass java/lang/invoke/LambdaForm$DMH
instanceKlass java/lang/invoke/LambdaForm$MH
instanceKlass java/lang/UNIXProcess$$Lambda$10
instanceKlass java/util/concurrent/Executors
instanceKlass java/lang/UNIXProcess$$Lambda$9
instanceKlass java/lang/invoke/LambdaForm$DMH
instanceKlass java/lang/UNIXProcess$$Lambda$8
instanceKlass java/lang/UNIXProcess$1
instanceKlass java/lang/UNIXProcess$Platform$$Lambda$7
instanceKlass java/lang/UNIXProcess$Platform$$Lambda$6
instanceKlass java/lang/UNIXProcess$Platform$$Lambda$5
instanceKlass java/lang/Process
instanceKlass java/lang/ProcessImpl
instanceKlass java/lang/ProcessBuilder
instanceKlass org/lwjgl/opengl/LinuxDisplay$Compiz$Provider
instanceKlass org/lwjgl/opengl/LinuxDisplay$Compiz$1
instanceKlass org/lwjgl/opengl/Display$7
instanceKlass org/lwjgl/opengl/LinuxDisplay$Compiz
instanceKlass org/lwjgl/opengl/LinuxDisplay$1
instanceKlass org/lwjgl/opengl/LinuxEvent
instanceKlass org/lwjgl/opengl/PeerInfo
instanceKlass java/awt/event/FocusListener
instanceKlass org/lwjgl/opengl/LinuxDisplay
instanceKlass java/awt/event/ComponentAdapter
instanceKlass org/lwjgl/opengl/DisplayImplementation
instanceKlass org/lwjgl/opengl/InputImplementation
instanceKlass org/lwjgl/opengl/Context
instanceKlass java/awt/event/ComponentListener
instanceKlass org/lwjgl/opengl/PixelFormatLWJGL
instanceKlass org/lwjgl/opengl/DrawableGL
instanceKlass org/lwjgl/opengl/DrawableGLES
instanceKlass org/lwjgl/opengl/DrawableLWJGL
instanceKlass org/lwjgl/opengl/Drawable
instanceKlass org/lwjgl/opengl/Display
instanceKlass com/badlogic/gdx/Gdx
instanceKlass com/badlogic/gdx/net/NetJavaImpl$1
instanceKlass java/util/concurrent/SynchronousQueue$TransferStack$SNode
instanceKlass java/util/concurrent/SynchronousQueue$Transferer
instanceKlass java/util/concurrent/ThreadPoolExecutor$AbortPolicy
instanceKlass java/util/concurrent/RejectedExecutionHandler
instanceKlass java/util/concurrent/AbstractExecutorService
instanceKlass java/util/concurrent/ExecutorService
instanceKlass java/util/concurrent/Executor
instanceKlass java/util/concurrent/BlockingQueue
instanceKlass java/util/concurrent/ThreadFactory
instanceKlass com/badlogic/gdx/net/NetJavaImpl
instanceKlass com/badlogic/gdx/net/Socket
instanceKlass com/badlogic/gdx/net/ServerSocket
instanceKlass com/badlogic/gdx/backends/lwjgl/LwjglNet
instanceKlass org/lwjgl/input/Mouse$1
instanceKlass org/lwjgl/input/Mouse
instanceKlass org/lwjgl/opengl/GlobalLock
instanceKlass org/lwjgl/input/OpenGLPackageAccess$1
instanceKlass org/lwjgl/input/OpenGLPackageAccess
instanceKlass org/lwjgl/input/Keyboard$KeyEvent
instanceKlass org/lwjgl/input/Keyboard
instanceKlass com/badlogic/gdx/utils/IntSet
instanceKlass com/badlogic/gdx/utils/Pool
instanceKlass com/badlogic/gdx/backends/lwjgl/LwjglInput
instanceKlass com/badlogic/gdx/backends/lwjgl/LwjglFiles
instanceKlass com/badlogic/gdx/utils/IntMap
instanceKlass com/badlogic/gdx/utils/LongMap
instanceKlass com/badlogic/gdx/utils/IntArray
instanceKlass org/lwjgl/openal/EFX10
instanceKlass sun/nio/cs/Surrogate
instanceKlass sun/nio/cs/Surrogate$Parser
instanceKlass org/lwjgl/MemoryUtil$CharSequenceNT
instanceKlass org/lwjgl/openal/AL11
instanceKlass org/lwjgl/BufferChecks
instanceKlass org/lwjgl/openal/ALC11
instanceKlass org/lwjgl/openal/Util
instanceKlass org/lwjgl/openal/ALCcontext
instanceKlass org/lwjgl/openal/ALCdevice
instanceKlass org/lwjgl/MemoryUtilSun$AccessorReflectFast
instanceKlass org/lwjgl/MemoryUtilSun
instanceKlass org/lwjgl/MemoryUtilSun$AccessorUnsafe
instanceKlass org/lwjgl/MemoryUtil$Accessor
instanceKlass org/lwjgl/MemoryUtil
instanceKlass org/lwjgl/openal/ALC10
instanceKlass org/lwjgl/openal/AL10
instanceKlass java/lang/AssertionStatusDirectives
instanceKlass org/lwjgl/LWJGLUtil$3
instanceKlass org/lwjgl/PointerWrapper
instanceKlass org/lwjgl/Sys$1
instanceKlass org/lwjgl/LinuxSysImplementation$1
instanceKlass sun/awt/X11/XToolkit$$Lambda$4
instanceKlass sun/awt/X11/XAtomList
instanceKlass sun/awt/X11/XPropertyCache
instanceKlass sun/awt/X11/UnsafeXDisposerRecord
instanceKlass sun/awt/X11/WindowPropertyGetter
instanceKlass sun/awt/X11/XProtocol
instanceKlass sun/awt/X11/XLayerProtocol
instanceKlass sun/awt/X11/XStateProtocol
instanceKlass sun/awt/X11/XErrorHandler
instanceKlass java/awt/Insets
instanceKlass sun/awt/X11/XAtom
instanceKlass sun/awt/X11/XWM
instanceKlass java/lang/Shutdown$Lock
instanceKlass java/lang/Shutdown
instanceKlass java/lang/ApplicationShutdownHooks$1
instanceKlass java/lang/ApplicationShutdownHooks
instanceKlass java/lang/invoke/LambdaForm$MH
instanceKlass sun/awt/X11/XToolkit$$Lambda$3
instanceKlass sun/awt/X11/XToolkit$1
instanceKlass sun/font/FontConfigManager$FontConfigInfo
instanceKlass sun/font/FontConfigManager
instanceKlass sun/awt/SunToolkit$ModalityListenerList
instanceKlass sun/awt/ModalityListener
instanceKlass java/beans/PropertyChangeListener
instanceKlass java/beans/ChangeListenerMap
instanceKlass java/beans/PropertyChangeSupport
instanceKlass sun/awt/X11/XToolkit$4
instanceKlass sun/awt/X11/XEventDispatcher
instanceKlass sun/awt/X11/XToolkit$3
instanceKlass sun/awt/X11/Native$1
instanceKlass sun/awt/X11/Native
instanceKlass sun/awt/X11/XWrapperBase
instanceKlass sun/misc/ThreadGroupUtils
instanceKlass sun/java2d/Disposer$$Lambda$2
instanceKlass java/lang/invoke/LambdaForm$DMH
instanceKlass sun/java2d/Disposer$1
instanceKlass sun/java2d/Disposer
instanceKlass sun/awt/X11GraphicsConfig$X11GCDisposerRecord
instanceKlass sun/java2d/DisposerRecord
instanceKlass java/awt/ImageCapabilities
instanceKlass java/awt/GraphicsConfiguration
instanceKlass sun/awt/image/SurfaceManager$ProxiedGraphicsConfig
instanceKlass java/awt/GraphicsDevice
instanceKlass sun/java2d/SunGraphicsEnvironment$1
instanceKlass sun/awt/SunDisplayChanger
instanceKlass sun/java2d/SurfaceManagerFactory
instanceKlass java/awt/geom/RectangularShape
instanceKlass sun/java2d/loops/GraphicsPrimitiveMgr$2
instanceKlass sun/java2d/loops/GraphicsPrimitiveMgr$1
instanceKlass sun/java2d/loops/GeneralRenderer
instanceKlass sun/java2d/loops/CustomComponent
instanceKlass sun/awt/SunHints$Value
instanceKlass java/awt/RenderingHints$Key
instanceKlass sun/java2d/pipe/ValidatePipe
instanceKlass sun/misc/PerformanceLogger$TimeData
instanceKlass sun/misc/PerformanceLogger
instanceKlass java/lang/Class$4
instanceKlass java/text/AttributedCharacterIterator$Attribute
instanceKlass sun/font/AttributeValues
instanceKlass sun/font/FontAccess
instanceKlass java/awt/Font
instanceKlass java/awt/BasicStroke
instanceKlass java/awt/Stroke
instanceKlass sun/awt/SunHints
instanceKlass java/awt/geom/Path2D
instanceKlass java/awt/Shape
instanceKlass java/awt/AlphaComposite
instanceKlass sun/java2d/loops/XORComposite
instanceKlass java/awt/Composite
instanceKlass java/awt/geom/AffineTransform
instanceKlass java/awt/Color
instanceKlass java/awt/Paint
instanceKlass java/awt/Graphics
instanceKlass sun/java2d/DestSurfaceProvider
instanceKlass sun/awt/ConstrainableGraphics
instanceKlass sun/java2d/loops/CompositeType
instanceKlass sun/java2d/loops/GraphicsPrimitiveMgr
instanceKlass sun/java2d/loops/GraphicsPrimitive
instanceKlass sun/java2d/xr/XRPMBlitLoops
instanceKlass sun/font/FontManagerNativeLibrary$1
instanceKlass sun/font/FontManagerNativeLibrary
instanceKlass sun/java2d/loops/RenderCache$Entry
instanceKlass sun/java2d/loops/RenderCache
instanceKlass sun/java2d/pipe/DrawImage
instanceKlass sun/java2d/pipe/GeneralCompositePipe
instanceKlass sun/java2d/pipe/SpanShapeRenderer
instanceKlass sun/java2d/pipe/AlphaPaintPipe
instanceKlass sun/java2d/pipe/AAShapePipe
instanceKlass sun/java2d/pipe/RegionIterator
instanceKlass sun/java2d/pipe/Region
instanceKlass sun/java2d/pipe/SpanClipRenderer
instanceKlass sun/java2d/pipe/PixelToShapeConverter
instanceKlass sun/java2d/pipe/AlphaColorPipe
instanceKlass sun/java2d/pipe/CompositePipe
instanceKlass sun/java2d/pipe/GlyphListPipe
instanceKlass sun/java2d/pipe/OutlineTextRenderer
instanceKlass java/util/concurrent/ConcurrentLinkedQueue$Node
instanceKlass sun/java2d/ReentrantContextProvider
instanceKlass sun/java2d/marlin/MarlinProperties$1
instanceKlass sun/java2d/marlin/FloatMath
instanceKlass sun/java2d/marlin/MarlinProperties
instanceKlass sun/java2d/marlin/MarlinConst
instanceKlass sun/java2d/pipe/RenderingEngine$1
instanceKlass sun/java2d/pipe/RenderingEngine
instanceKlass sun/java2d/pipe/LoopPipe
instanceKlass sun/java2d/pipe/LoopBasedPipe
instanceKlass sun/java2d/pipe/ParallelogramPipe
instanceKlass sun/java2d/pipe/NullPipe
instanceKlass sun/java2d/pipe/DrawImagePipe
instanceKlass sun/java2d/pipe/TextPipe
instanceKlass sun/java2d/pipe/ShapeDrawPipe
instanceKlass sun/java2d/pipe/PixelFillPipe
instanceKlass sun/java2d/pipe/PixelDrawPipe
instanceKlass sun/java2d/StateTrackableDelegate$2
instanceKlass sun/java2d/StateTrackableDelegate
instanceKlass java/awt/color/ICC_Profile$1
instanceKlass sun/java2d/cmm/ProfileActivator
instanceKlass sun/java2d/cmm/ProfileDeferralMgr
instanceKlass java/awt/color/ICC_Profile
instanceKlass java/awt/color/ColorSpace
instanceKlass java/awt/image/ColorModel$1
instanceKlass java/awt/image/ColorModel
instanceKlass sun/awt/image/PixelConverter
instanceKlass sun/java2d/loops/SurfaceType
instanceKlass sun/java2d/SurfaceData
instanceKlass sun/java2d/Surface
instanceKlass sun/java2d/StateTrackable
instanceKlass sun/java2d/DisposerTarget
instanceKlass java/awt/Transparency
instanceKlass sun/awt/X11/XlibWrapper
instanceKlass sun/awt/X11/XErrorHandlerUtil
instanceKlass sun/awt/X11GraphicsEnvironment$1
instanceKlass sun/font/FontUtilities$1
instanceKlass sun/font/FontUtilities
instanceKlass sun/awt/DisplayChangedListener
instanceKlass java/util/EventListener
instanceKlass java/util/NavigableMap
instanceKlass java/util/SortedMap
instanceKlass sun/util/calendar/CalendarSystem
instanceKlass java/util/Date
instanceKlass sun/util/logging/LoggingSupport$2
instanceKlass java/util/logging/LoggingProxyImpl
instanceKlass sun/util/logging/LoggingProxy
instanceKlass sun/util/logging/LoggingSupport$1
instanceKlass sun/util/logging/LoggingSupport
instanceKlass sun/util/logging/PlatformLogger$LoggerProxy
instanceKlass sun/util/logging/PlatformLogger$1
instanceKlass sun/util/logging/PlatformLogger
instanceKlass java/util/Collections$SynchronizedMap
instanceKlass java/util/concurrent/locks/AbstractQueuedSynchronizer$ConditionObject
instanceKlass java/util/concurrent/locks/Condition
instanceKlass java/util/concurrent/locks/AbstractQueuedSynchronizer$Node
instanceKlass java/util/concurrent/locks/AbstractOwnableSynchronizer
instanceKlass sun/awt/KeyboardFocusManagerPeerProvider
instanceKlass sun/awt/InputMethodSupport
instanceKlass sun/awt/ComponentFactory
instanceKlass sun/awt/WindowClosingListener
instanceKlass sun/awt/WindowClosingSupport
instanceKlass java/awt/Toolkit$2
instanceKlass java/awt/Toolkit$1
instanceKlass java/util/Collections$UnmodifiableMap
instanceKlass java/lang/ProcessEnvironment$ExternalData
instanceKlass java/lang/ProcessEnvironment
instanceKlass java/lang/invoke/LambdaForm$MH
instanceKlass java/lang/invoke/LambdaForm$MH
instanceKlass java/lang/invoke/InnerClassLambdaMetafactory$1
instanceKlass java/awt/GraphicsEnvironment$$Lambda$1
instanceKlass java/lang/invoke/InfoFromMemberName
instanceKlass java/lang/invoke/MethodHandleInfo
instanceKlass sun/security/action/GetBooleanAction
instanceKlass sun/security/util/SecurityConstants
instanceKlass java/security/AccessController$1
instanceKlass java/lang/invoke/AbstractValidatingLambdaMetafactory
instanceKlass java/lang/invoke/LambdaForm$BMH
instanceKlass java/lang/invoke/LambdaForm$BMH
instanceKlass java/lang/invoke/LambdaForm$BMH
instanceKlass java/lang/invoke/LambdaForm$BMH
instanceKlass sun/reflect/UnsafeFieldAccessorFactory
instanceKlass jdk/internal/org/objectweb/asm/FieldVisitor
instanceKlass java/lang/invoke/BoundMethodHandle$Factory$1
instanceKlass java/lang/invoke/BoundMethodHandle$SpeciesData$1
instanceKlass java/lang/invoke/LambdaForm$BMH
instanceKlass java/lang/invoke/LambdaForm$MH
instanceKlass java/lang/invoke/LambdaForm$BMH
instanceKlass java/lang/invoke/LambdaForm$MH
instanceKlass java/lang/invoke/LambdaForm$DMH
instanceKlass java/lang/invoke/LambdaForm$DMH
instanceKlass java/lang/invoke/LambdaForm$BMH
instanceKlass java/lang/invoke/LambdaForm$BMH
instanceKlass java/lang/invoke/LambdaForm$MH
instanceKlass java/lang/invoke/LambdaFormBuffer
instanceKlass java/lang/invoke/LambdaFormEditor
instanceKlass java/lang/invoke/LambdaForm$BMH
instanceKlass java/lang/invoke/LambdaForm$DMH
instanceKlass java/lang/invoke/LambdaForm$DMH
instanceKlass java/lang/invoke/LambdaForm$DMH
instanceKlass java/lang/invoke/LambdaForm$DMH
instanceKlass java/lang/invoke/LambdaForm$MH
instanceKlass java/lang/invoke/LambdaForm$DMH
instanceKlass java/lang/invoke/LambdaForm$DMH
instanceKlass java/lang/invoke/LambdaForm$MH
instanceKlass java/lang/invoke/LambdaForm$DMH
instanceKlass java/lang/invoke/LambdaForm$DMH
instanceKlass java/lang/invoke/LambdaForm$MH
instanceKlass java/lang/invoke/LambdaForm$DMH
instanceKlass java/lang/invoke/LambdaForm$DMH
instanceKlass java/lang/invoke/LambdaForm$MH
instanceKlass java/lang/invoke/LambdaForm$DMH
instanceKlass java/lang/invoke/LambdaForm$DMH
instanceKlass java/lang/invoke/LambdaForm$MH
instanceKlass java/lang/invoke/LambdaForm$DMH
instanceKlass java/lang/invoke/LambdaForm$MH
instanceKlass java/lang/invoke/LambdaForm$DMH
instanceKlass java/lang/invoke/LambdaForm$DMH
instanceKlass java/lang/invoke/LambdaForm$MH
instanceKlass java/lang/invoke/LambdaForm$DMH
instanceKlass java/lang/invoke/LambdaForm$DMH
instanceKlass java/lang/invoke/LambdaForm$MH
instanceKlass java/lang/invoke/LambdaForm$DMH
instanceKlass java/lang/invoke/LambdaForm$MH
instanceKlass java/lang/invoke/LambdaForm$DMH
instanceKlass java/lang/invoke/LambdaForm$MH
instanceKlass java/lang/invoke/LambdaForm$DMH
instanceKlass java/lang/invoke/MethodHandleImpl$Lazy
instanceKlass java/lang/invoke/LambdaForm$BMH
instanceKlass java/lang/invoke/LambdaForm$MH
instanceKlass java/lang/invoke/LambdaForm$DMH
instanceKlass java/lang/invoke/LambdaForm$DMH
instanceKlass java/lang/invoke/LambdaForm$DMH
instanceKlass java/lang/invoke/LambdaForm$DMH
instanceKlass java/lang/invoke/LambdaForm$DMH
instanceKlass java/util/SubList$1
instanceKlass java/util/ListIterator
instanceKlass java/util/ArrayList$Itr
instanceKlass java/lang/invoke/LambdaForm$MH
instanceKlass java/lang/invoke/LambdaForm$MH
instanceKlass java/lang/invoke/LambdaForm$MH
instanceKlass java/lang/invoke/LambdaForm$MH
instanceKlass java/lang/invoke/LambdaForm$MH
instanceKlass java/lang/invoke/LambdaForm$MH
instanceKlass java/lang/invoke/LambdaForm$MH
instanceKlass java/lang/invoke/LambdaForm$MH
instanceKlass java/lang/invoke/LambdaForm$MH
instanceKlass java/lang/invoke/LambdaForm$MH
instanceKlass java/lang/invoke/LambdaForm$MH
instanceKlass java/lang/invoke/LambdaForm$MH
instanceKlass java/lang/invoke/InvokerBytecodeGenerator$CpPatch
instanceKlass java/lang/invoke/LambdaForm$DMH
instanceKlass java/lang/invoke/LambdaForm$DMH
instanceKlass java/lang/invoke/LambdaForm$DMH
instanceKlass java/lang/invoke/LambdaForm$DMH
instanceKlass java/lang/invoke/LambdaForm$DMH
instanceKlass java/lang/invoke/LambdaForm$DMH
instanceKlass java/util/HashMap$HashIterator
instanceKlass sun/invoke/empty/Empty
instanceKlass sun/invoke/util/VerifyType
instanceKlass java/lang/invoke/InvokerBytecodeGenerator$2
instanceKlass jdk/internal/org/objectweb/asm/AnnotationVisitor
instanceKlass jdk/internal/org/objectweb/asm/Frame
instanceKlass jdk/internal/org/objectweb/asm/Label
instanceKlass jdk/internal/org/objectweb/asm/Type
instanceKlass jdk/internal/org/objectweb/asm/MethodVisitor
instanceKlass j